Arguments: 
  /opt/homebrew/Cellar/node/18.6.0/bin/node /opt/homebrew/bin/yarn add amqdlib

PATH: 
  /Users/elmirsmylv/.poetry/bin:/Users/elmirsmylv/.bun/bin:/opt/homebrew/bin:/usr/local/bin:/usr/bin:/bin:/usr/sbin:/sbin:/usr/local/go/bin:/Library/Apple/usr/bin:/Users/elmirsmylv/.poetry/bin:/Users/elmirsmylv/.bun/bin:/opt/homebrew/bin:/Users/elmirsmylv/Library/Android/sdk/emulator:/Users/elmirsmylv/Library/Android/sdk/platform-tools:/Users/elmirsmylv/Library/Android/sdk/emulator:/Users/elmirsmylv/Library/Android/sdk/platform-tools

Yarn version: 
  1.22.17

Node version: 
  18.6.0

Platform: 
  darwin arm64

Trace: 
  Error: https://registry.yarnpkg.com/amqdlib: Not found
      at params.callback [as _callback] (/opt/homebrew/lib/node_modules/yarn/lib/cli.js:67029:18)
      at self.callback (/opt/homebrew/lib/node_modules/yarn/lib/cli.js:140883:22)
      at Request.emit (node:events:513:28)
      at Request.<anonymous> (/opt/homebrew/lib/node_modules/yarn/lib/cli.js:141855:10)
      at Request.emit (node:events:513:28)
      at IncomingMessage.<anonymous> (/opt/homebrew/lib/node_modules/yarn/lib/cli.js:141777:12)
      at Object.onceWrapper (node:events:627:28)
      at IncomingMessage.emit (node:events:525:35)
      at endReadableNT (node:internal/streams/readable:1359:12)
      at process.processTicksAndRejections (node:internal/process/task_queues:82:21)

npm manifest: 
  {
    "name": "email_service_rabbitmq",
    "version": "1.0.0",
    "description": "",
    "main": "index.js",
    "scripts": {
      "test": "echo \"Error: no test specified\" && exit 1"
    },
    "keywords": [],
    "author": "",
    "license": "ISC"
  }

yarn manifest: 
  No manifest

Lockfile: 
  No lockfile
